-------------------------------------------------------------------------------
Test set: de.dhbw.studienarbeit.TestTest
-------------------------------------------------------------------------------
Tests run: 1, Failures: 1, Errors: 0, Skipped: 0, Time elapsed: 0.024 sec <<< FAILURE! - in de.dhbw.studienarbeit.TestTest
test  Time elapsed: 0.022 sec  <<< FAILURE!
org.opentest4j.AssertionFailedError: Not yet implemented
	at de.dhbw.studienarbeit.TestTest.test(TestTest.java:12)

